Arguments: 
  C:\Program Files\nodejs\node.exe C:\Users\Edward\AppData\Roaming\npm\node_modules\yarn\bin\yarn.js start

PATH: 
  C:\Python39\Scripts\;C:\Python39\;C:\Program Files\Common Files\Oracle\Java\javapath;c:\program files (x86)\razer chroma sdk\bin;c:\program files\razer chroma sdk\bin;c:\program files (x86)\razer\chromabroadcast\bin;c:\program files\razer\chromabroadcast\bin;c:\windows\system32;c:\windows;c:\windows\system32\wbem;c:\windows\system32\windowspowershell\v1.0\;c:\windows\system32\openssh\;c:\program files\putty\;c:\program files (x86)\common files\acronis\snapapi\;c:\windows\system32\config\systemprofile\appdata\local\microsoft\windowsapps;c:\program files (x86)\codeblocks\mingw\bin;c:\programdata\chocolatey\bin;c:\program files\dotnet\;C:\Program Files (x86)\NVIDIA Corporation\PhysX\Common;C:\WINDOWS\system32;C:\WINDOWS;C:\WINDOWS\System32\Wbem;C:\WINDOWS\System32\WindowsPowerShell\v1.0\;C:\WINDOWS\System32\OpenSSH\;C:\Program Files\nodejs\;C:\Program Files\MATLAB\R2020b\bin;C:\Program Files\Git\cmd;C:\Program Files\NVIDIA Corporation\NVIDIA NvDLISR;C:\Program Files\LLVM\bin;C:\Program Files (x86)\WinMerge;;C:\Users\Edward\AppData\Local\Microsoft\WindowsApps;C:\Users\Edward\AppData\Local\Programs\Microsoft VS Code\bin;C:\Users\Edward\AppData\Local\MaxTo\;C:\Users\Edward\AppData\Roaming\npm;C:\Users\Edward\AppData\Local\GitHubDesktop\bin;C:\Users\Edward\.dotnet\tools

Yarn version: 
  1.22.10

Node version: 
  14.15.4

Platform: 
  win32 x64

Trace: 
  SyntaxError: C:\Users\Edward\OneDrive\School\CSUF\CPSC 349\front-end-dev-resources\Chattrbox with NodeJS\Chattrbox-with-NodeJS\package.json: Unexpected token d in JSON at position 92
      at JSON.parse (<anonymous>)
      at C:\Users\Edward\AppData\Roaming\npm\node_modules\yarn\lib\cli.js:1625:59
      at Generator.next (<anonymous>)
      at step (C:\Users\Edward\AppData\Roaming\npm\node_modules\yarn\lib\cli.js:310:30)
      at C:\Users\Edward\AppData\Roaming\npm\node_modules\yarn\lib\cli.js:321:13

npm manifest: 
  {
    "name": "chattrbox",
    "version": "1.0.0",
    "description": "",
    "main": "index.js",
    default: "dist/server/public/js/index.js",
    "scripts": {
      "test": "echo \"Error: no test specified\" && exit 1",
      "start": "node index.js",
      "dev": "nodemon index.js",
      "build": "parcel build app/scripts/src/main.js -d app/scripts/dist",
      "watch": "parcel watch app/scripts/src/main.js -d app/scripts/dist"
    },
    "author": "",
    "license": "ISC",
    "devDependencies": {
      "@babel/core": "^7.13.16",
      "@babel/preset-env": "^7.13.15",
      "@babel/preset-react": "^7.13.13",
      "babel-core": "^6.26.3",
      "babel-loader": "^8.2.2",
      "babel-preset-es2015": "^6.24.1",
      "babelify": "^10.0.0",
      "browserify": "^17.0.0",
      "crypto-js": "^3.3.0",
      "jquery": "^2.2.4",
      "moment": "^2.29.1",
      "nodemon": "^2.0.7",
      "watchify": "^4.0.0",
      "webpack": "^5.35.0",
      "webpack-cli": "^4.6.0"
    },
    "dependencies": {
      "@babel/preset-es2015": "^7.0.0-beta.53",
      "parcel": "^2.0.0-beta.2",
      "parcel-bundler": "^1.12.5",
      "ws": "^7.4.5"
    }
  }

yarn manifest: 
  No manifest

Lockfile: 
  No lockfile
